2022/10/28 09:22:43 [notice] 1#1: using the "epoll" event method
2022/10/28 09:22:43 [notice] 1#1: nginx/1.20.0
2022/10/28 09:22:43 [notice] 1#1: built by gcc 10.2.1 20201203 (Alpine 10.2.1_pre1) 
2022/10/28 09:22:43 [notice] 1#1: OS: Linux 5.15.0-52-generic
2022/10/28 09:22:43 [notice] 1#1: getrlimit(RLIMIT_NOFILE): 1048576:1048576
2022/10/28 09:22:43 [notice] 1#1: start worker processes
2022/10/28 09:22:43 [notice] 1#1: start worker process 31
2022/10/28 09:22:43 [notice] 1#1: start worker process 32
2022/10/28 09:22:43 [notice] 1#1: start worker process 33
2022/10/28 09:22:43 [notice] 1#1: start worker process 34
2022/10/28 09:22:43 [notice] 1#1: start worker process 35
2022/10/28 09:22:43 [notice] 1#1: start worker process 36
2022/10/28 09:22:43 [notice] 1#1: start worker process 37
2022/10/28 09:22:43 [notice] 1#1: start worker process 38
2022/10/28 09:31:07 [notice] 1#1: using the "epoll" event method
2022/10/28 09:31:07 [notice] 1#1: nginx/1.20.0
2022/10/28 09:31:07 [notice] 1#1: built by gcc 10.2.1 20201203 (Alpine 10.2.1_pre1) 
2022/10/28 09:31:07 [notice] 1#1: OS: Linux 5.15.0-52-generic
2022/10/28 09:31:07 [notice] 1#1: getrlimit(RLIMIT_NOFILE): 1048576:1048576
2022/10/28 09:31:07 [notice] 1#1: start worker processes
2022/10/28 09:31:07 [notice] 1#1: start worker process 31
2022/10/28 09:31:07 [notice] 1#1: start worker process 32
2022/10/28 09:31:07 [notice] 1#1: start worker process 33
2022/10/28 09:31:07 [notice] 1#1: start worker process 34
2022/10/28 09:31:07 [notice] 1#1: start worker process 35
2022/10/28 09:31:07 [notice] 1#1: start worker process 36
2022/10/28 09:31:07 [notice] 1#1: start worker process 37
2022/10/28 09:31:07 [notice] 1#1: start worker process 38
2022/10/28 09:31:12 [error] 31#31: *1 FastCGI sent in stderr: "PHP message: PHP Fatal error:  Uncaught UnexpectedValueException: The stream or file "/var/www/html/storage/logs/laravel.log" could not be opened in append mode: Failed to open stream: Permission denied
The exception occurred while attempting to log: Unable to create configured logger. Using emergency logger.
Context: {"exception":{}} in /var/www/html/vendor/monolog/monolog/src/Monolog/Handler/StreamHandler.php:146
Stack trace:
#0 /var/www/html/vendor/monolog/monolog/src/Monolog/Handler/AbstractProcessingHandler.php(48): Monolog\Handler\StreamHandler->write()
#1 /var/www/html/vendor/monolog/monolog/src/Monolog/Logger.php(379): Monolog\Handler\AbstractProcessingHandler->handle()
#2 /var/www/html/vendor/monolog/monolog/src/Monolog/Logger.php(665): Monolog\Logger->addRecord()
#3 /var/www/html/vendor/laravel/framework/src/Illuminate/Log/Logger.php(183): Monolog\Logger->emergency()
#4 /var/www/html/vendor/laravel/framework/src/Illuminate/Log/Logger.php(58): Illuminate\Log\Logger->writeLog()
#5 /var/www/html/vendor/laravel/framework/src/Illuminate/Log/LogManager.php(138): Illuminate\Log\Logger->emergency()
#6 /var/www/html/vendor/laravel/framework/src/Illuminate/Support/helpers.php(306): Illuminate\Log\LogManager->Illuminate\Log\{closure}()
#7 /var/www/html/vendor/laravel/framework/src/Illuminate/Log/LogManager.php(140): tap()
#8 /var/www/html/vendor/laravel/framework/src/Illuminate/Log/LogManager.php(119): Illuminate\Log\LogManager->get()
#9 /var/www/html/vendor/laravel/framework/src/Illuminate/Log/LogManager.php(642): Illuminate\Log\LogManager->driver()
#10 /var/www/html/vendor/laravel/framework/src/Illuminate/Foundation/Exceptions/Handler.php(278): Illuminate\Log\LogManager->error()
#11 /var/www/html/vendor/laravel/framework/src/Illuminate/Foundation/Http/Kernel.php(481): Illuminate\Foundation\Exceptions\Handler->report()
#12 /var/www/html/vendor/laravel/framework/src/Illuminate/Foundation/Http/Kernel.php(136): Illuminate\Foundation\Http\Kernel->reportE
2022/10/28 09:47:14 [error] 31#31: *3 FastCGI sent in stderr: "PHP message: PHP Fatal error:  Uncaught UnexpectedValueException: The stream or file "/var/www/html/storage/logs/laravel.log" could not be opened in append mode: Failed to open stream: Permission denied
The exception occurred while attempting to log: Unable to create configured logger. Using emergency logger.
Context: {"exception":{}} in /var/www/html/vendor/monolog/monolog/src/Monolog/Handler/StreamHandler.php:146
Stack trace:
#0 /var/www/html/vendor/monolog/monolog/src/Monolog/Handler/AbstractProcessingHandler.php(48): Monolog\Handler\StreamHandler->write()
#1 /var/www/html/vendor/monolog/monolog/src/Monolog/Logger.php(379): Monolog\Handler\AbstractProcessingHandler->handle()
#2 /var/www/html/vendor/monolog/monolog/src/Monolog/Logger.php(665): Monolog\Logger->addRecord()
#3 /var/www/html/vendor/laravel/framework/src/Illuminate/Log/Logger.php(183): Monolog\Logger->emergency()
#4 /var/www/html/vendor/laravel/framework/src/Illuminate/Log/Logger.php(58): Illuminate\Log\Logger->writeLog()
#5 /var/www/html/vendor/laravel/framework/src/Illuminate/Log/LogManager.php(138): Illuminate\Log\Logger->emergency()
#6 /var/www/html/vendor/laravel/framework/src/Illuminate/Support/helpers.php(306): Illuminate\Log\LogManager->Illuminate\Log\{closure}()
#7 /var/www/html/vendor/laravel/framework/src/Illuminate/Log/LogManager.php(140): tap()
#8 /var/www/html/vendor/laravel/framework/src/Illuminate/Log/LogManager.php(119): Illuminate\Log\LogManager->get()
#9 /var/www/html/vendor/laravel/framework/src/Illuminate/Log/LogManager.php(642): Illuminate\Log\LogManager->driver()
#10 /var/www/html/vendor/laravel/framework/src/Illuminate/Foundation/Exceptions/Handler.php(278): Illuminate\Log\LogManager->error()
#11 /var/www/html/vendor/laravel/framework/src/Illuminate/Foundation/Http/Kernel.php(481): Illuminate\Foundation\Exceptions\Handler->report()
#12 /var/www/html/vendor/laravel/framework/src/Illuminate/Foundation/Http/Kernel.php(136): Illuminate\Foundation\Http\Kernel->reportE
2022/10/28 09:47:15 [error] 31#31: *3 FastCGI sent in stderr: "PHP message: PHP Fatal error:  Uncaught UnexpectedValueException: The stream or file "/var/www/html/storage/logs/laravel.log" could not be opened in append mode: Failed to open stream: Permission denied
The exception occurred while attempting to log: Unable to create configured logger. Using emergency logger.
Context: {"exception":{}} in /var/www/html/vendor/monolog/monolog/src/Monolog/Handler/StreamHandler.php:146
Stack trace:
#0 /var/www/html/vendor/monolog/monolog/src/Monolog/Handler/AbstractProcessingHandler.php(48): Monolog\Handler\StreamHandler->write()
#1 /var/www/html/vendor/monolog/monolog/src/Monolog/Logger.php(379): Monolog\Handler\AbstractProcessingHandler->handle()
#2 /var/www/html/vendor/monolog/monolog/src/Monolog/Logger.php(665): Monolog\Logger->addRecord()
#3 /var/www/html/vendor/laravel/framework/src/Illuminate/Log/Logger.php(183): Monolog\Logger->emergency()
#4 /var/www/html/vendor/laravel/framework/src/Illuminate/Log/Logger.php(58): Illuminate\Log\Logger->writeLog()
#5 /var/www/html/vendor/laravel/framework/src/Illuminate/Log/LogManager.php(138): Illuminate\Log\Logger->emergency()
#6 /var/www/html/vendor/laravel/framework/src/Illuminate/Support/helpers.php(306): Illuminate\Log\LogManager->Illuminate\Log\{closure}()
#7 /var/www/html/vendor/laravel/framework/src/Illuminate/Log/LogManager.php(140): tap()
#8 /var/www/html/vendor/laravel/framework/src/Illuminate/Log/LogManager.php(119): Illuminate\Log\LogManager->get()
#9 /var/www/html/vendor/laravel/framework/src/Illuminate/Log/LogManager.php(642): Illuminate\Log\LogManager->driver()
#10 /var/www/html/vendor/laravel/framework/src/Illuminate/Foundation/Exceptions/Handler.php(278): Illuminate\Log\LogManager->error()
#11 /var/www/html/vendor/laravel/framework/src/Illuminate/Foundation/Http/Kernel.php(481): Illuminate\Foundation\Exceptions\Handler->report()
#12 /var/www/html/vendor/laravel/framework/src/Illuminate/Foundation/Http/Kernel.php(136): Illuminate\Foundation\Http\Kernel->reportE
2022/10/28 09:47:16 [error] 31#31: *3 FastCGI sent in stderr: "PHP message: PHP Fatal error:  Uncaught UnexpectedValueException: The stream or file "/var/www/html/storage/logs/laravel.log" could not be opened in append mode: Failed to open stream: Permission denied
The exception occurred while attempting to log: Unable to create configured logger. Using emergency logger.
Context: {"exception":{}} in /var/www/html/vendor/monolog/monolog/src/Monolog/Handler/StreamHandler.php:146
Stack trace:
#0 /var/www/html/vendor/monolog/monolog/src/Monolog/Handler/AbstractProcessingHandler.php(48): Monolog\Handler\StreamHandler->write()
#1 /var/www/html/vendor/monolog/monolog/src/Monolog/Logger.php(379): Monolog\Handler\AbstractProcessingHandler->handle()
#2 /var/www/html/vendor/monolog/monolog/src/Monolog/Logger.php(665): Monolog\Logger->addRecord()
#3 /var/www/html/vendor/laravel/framework/src/Illuminate/Log/Logger.php(183): Monolog\Logger->emergency()
#4 /var/www/html/vendor/laravel/framework/src/Illuminate/Log/Logger.php(58): Illuminate\Log\Logger->writeLog()
#5 /var/www/html/vendor/laravel/framework/src/Illuminate/Log/LogManager.php(138): Illuminate\Log\Logger->emergency()
#6 /var/www/html/vendor/laravel/framework/src/Illuminate/Support/helpers.php(306): Illuminate\Log\LogManager->Illuminate\Log\{closure}()
#7 /var/www/html/vendor/laravel/framework/src/Illuminate/Log/LogManager.php(140): tap()
#8 /var/www/html/vendor/laravel/framework/src/Illuminate/Log/LogManager.php(119): Illuminate\Log\LogManager->get()
#9 /var/www/html/vendor/laravel/framework/src/Illuminate/Log/LogManager.php(642): Illuminate\Log\LogManager->driver()
#10 /var/www/html/vendor/laravel/framework/src/Illuminate/Foundation/Exceptions/Handler.php(278): Illuminate\Log\LogManager->error()
#11 /var/www/html/vendor/laravel/framework/src/Illuminate/Foundation/Http/Kernel.php(481): Illuminate\Foundation\Exceptions\Handler->report()
#12 /var/www/html/vendor/laravel/framework/src/Illuminate/Foundation/Http/Kernel.php(136): Illuminate\Foundation\Http\Kernel->reportE
2022/10/28 09:47:30 [error] 31#31: *3 FastCGI sent in stderr: "PHP message: PHP Fatal error:  Uncaught UnexpectedValueException: The stream or file "/var/www/html/storage/logs/laravel.log" could not be opened in append mode: Failed to open stream: Permission denied
The exception occurred while attempting to log: Unable to create configured logger. Using emergency logger.
Context: {"exception":{}} in /var/www/html/vendor/monolog/monolog/src/Monolog/Handler/StreamHandler.php:146
Stack trace:
#0 /var/www/html/vendor/monolog/monolog/src/Monolog/Handler/AbstractProcessingHandler.php(48): Monolog\Handler\StreamHandler->write()
#1 /var/www/html/vendor/monolog/monolog/src/Monolog/Logger.php(379): Monolog\Handler\AbstractProcessingHandler->handle()
#2 /var/www/html/vendor/monolog/monolog/src/Monolog/Logger.php(665): Monolog\Logger->addRecord()
#3 /var/www/html/vendor/laravel/framework/src/Illuminate/Log/Logger.php(183): Monolog\Logger->emergency()
#4 /var/www/html/vendor/laravel/framework/src/Illuminate/Log/Logger.php(58): Illuminate\Log\Logger->writeLog()
#5 /var/www/html/vendor/laravel/framework/src/Illuminate/Log/LogManager.php(138): Illuminate\Log\Logger->emergency()
#6 /var/www/html/vendor/laravel/framework/src/Illuminate/Support/helpers.php(306): Illuminate\Log\LogManager->Illuminate\Log\{closure}()
#7 /var/www/html/vendor/laravel/framework/src/Illuminate/Log/LogManager.php(140): tap()
#8 /var/www/html/vendor/laravel/framework/src/Illuminate/Log/LogManager.php(119): Illuminate\Log\LogManager->get()
#9 /var/www/html/vendor/laravel/framework/src/Illuminate/Log/LogManager.php(642): Illuminate\Log\LogManager->driver()
#10 /var/www/html/vendor/laravel/framework/src/Illuminate/Foundation/Exceptions/Handler.php(278): Illuminate\Log\LogManager->error()
#11 /var/www/html/vendor/laravel/framework/src/Illuminate/Foundation/Http/Kernel.php(481): Illuminate\Foundation\Exceptions\Handler->report()
#12 /var/www/html/vendor/laravel/framework/src/Illuminate/Foundation/Http/Kernel.php(136): Illuminate\Foundation\Http\Kernel->reportE
2022/10/28 09:48:47 [error] 31#31: *8 FastCGI sent in stderr: "PHP message: PHP Fatal error:  Uncaught UnexpectedValueException: The stream or file "/var/www/html/storage/logs/laravel.log" could not be opened in append mode: Failed to open stream: Permission denied
The exception occurred while attempting to log: Unable to create configured logger. Using emergency logger.
Context: {"exception":{}} in /var/www/html/vendor/monolog/monolog/src/Monolog/Handler/StreamHandler.php:146
Stack trace:
#0 /var/www/html/vendor/monolog/monolog/src/Monolog/Handler/AbstractProcessingHandler.php(48): Monolog\Handler\StreamHandler->write()
#1 /var/www/html/vendor/monolog/monolog/src/Monolog/Logger.php(379): Monolog\Handler\AbstractProcessingHandler->handle()
#2 /var/www/html/vendor/monolog/monolog/src/Monolog/Logger.php(665): Monolog\Logger->addRecord()
#3 /var/www/html/vendor/laravel/framework/src/Illuminate/Log/Logger.php(183): Monolog\Logger->emergency()
#4 /var/www/html/vendor/laravel/framework/src/Illuminate/Log/Logger.php(58): Illuminate\Log\Logger->writeLog()
#5 /var/www/html/vendor/laravel/framework/src/Illuminate/Log/LogManager.php(138): Illuminate\Log\Logger->emergency()
#6 /var/www/html/vendor/laravel/framework/src/Illuminate/Support/helpers.php(306): Illuminate\Log\LogManager->Illuminate\Log\{closure}()
#7 /var/www/html/vendor/laravel/framework/src/Illuminate/Log/LogManager.php(140): tap()
#8 /var/www/html/vendor/laravel/framework/src/Illuminate/Log/LogManager.php(119): Illuminate\Log\LogManager->get()
#9 /var/www/html/vendor/laravel/framework/src/Illuminate/Log/LogManager.php(642): Illuminate\Log\LogManager->driver()
#10 /var/www/html/vendor/laravel/framework/src/Illuminate/Foundation/Exceptions/Handler.php(278): Illuminate\Log\LogManager->error()
#11 /var/www/html/vendor/laravel/framework/src/Illuminate/Foundation/Http/Kernel.php(481): Illuminate\Foundation\Exceptions\Handler->report()
#12 /var/www/html/vendor/laravel/framework/src/Illuminate/Foundation/Http/Kernel.php(136): Illuminate\Foundation\Http\Kernel->reportE
2022/10/28 09:48:49 [error] 31#31: *8 FastCGI sent in stderr: "PHP message: PHP Fatal error:  Uncaught UnexpectedValueException: The stream or file "/var/www/html/storage/logs/laravel.log" could not be opened in append mode: Failed to open stream: Permission denied
The exception occurred while attempting to log: Unable to create configured logger. Using emergency logger.
Context: {"exception":{}} in /var/www/html/vendor/monolog/monolog/src/Monolog/Handler/StreamHandler.php:146
Stack trace:
#0 /var/www/html/vendor/monolog/monolog/src/Monolog/Handler/AbstractProcessingHandler.php(48): Monolog\Handler\StreamHandler->write()
#1 /var/www/html/vendor/monolog/monolog/src/Monolog/Logger.php(379): Monolog\Handler\AbstractProcessingHandler->handle()
#2 /var/www/html/vendor/monolog/monolog/src/Monolog/Logger.php(665): Monolog\Logger->addRecord()
#3 /var/www/html/vendor/laravel/framework/src/Illuminate/Log/Logger.php(183): Monolog\Logger->emergency()
#4 /var/www/html/vendor/laravel/framework/src/Illuminate/Log/Logger.php(58): Illuminate\Log\Logger->writeLog()
#5 /var/www/html/vendor/laravel/framework/src/Illuminate/Log/LogManager.php(138): Illuminate\Log\Logger->emergency()
#6 /var/www/html/vendor/laravel/framework/src/Illuminate/Support/helpers.php(306): Illuminate\Log\LogManager->Illuminate\Log\{closure}()
#7 /var/www/html/vendor/laravel/framework/src/Illuminate/Log/LogManager.php(140): tap()
#8 /var/www/html/vendor/laravel/framework/src/Illuminate/Log/LogManager.php(119): Illuminate\Log\LogManager->get()
#9 /var/www/html/vendor/laravel/framework/src/Illuminate/Log/LogManager.php(642): Illuminate\Log\LogManager->driver()
#10 /var/www/html/vendor/laravel/framework/src/Illuminate/Foundation/Exceptions/Handler.php(278): Illuminate\Log\LogManager->error()
#11 /var/www/html/vendor/laravel/framework/src/Illuminate/Foundation/Http/Kernel.php(481): Illuminate\Foundation\Exceptions\Handler->report()
#12 /var/www/html/vendor/laravel/framework/src/Illuminate/Foundation/Http/Kernel.php(136): Illuminate\Foundation\Http\Kernel->reportE
2022/10/28 09:48:50 [error] 31#31: *8 FastCGI sent in stderr: "PHP message: PHP Fatal error:  Uncaught UnexpectedValueException: The stream or file "/var/www/html/storage/logs/laravel.log" could not be opened in append mode: Failed to open stream: Permission denied
The exception occurred while attempting to log: Unable to create configured logger. Using emergency logger.
Context: {"exception":{}} in /var/www/html/vendor/monolog/monolog/src/Monolog/Handler/StreamHandler.php:146
Stack trace:
#0 /var/www/html/vendor/monolog/monolog/src/Monolog/Handler/AbstractProcessingHandler.php(48): Monolog\Handler\StreamHandler->write()
#1 /var/www/html/vendor/monolog/monolog/src/Monolog/Logger.php(379): Monolog\Handler\AbstractProcessingHandler->handle()
#2 /var/www/html/vendor/monolog/monolog/src/Monolog/Logger.php(665): Monolog\Logger->addRecord()
#3 /var/www/html/vendor/laravel/framework/src/Illuminate/Log/Logger.php(183): Monolog\Logger->emergency()
#4 /var/www/html/vendor/laravel/framework/src/Illuminate/Log/Logger.php(58): Illuminate\Log\Logger->writeLog()
#5 /var/www/html/vendor/laravel/framework/src/Illuminate/Log/LogManager.php(138): Illuminate\Log\Logger->emergency()
#6 /var/www/html/vendor/laravel/framework/src/Illuminate/Support/helpers.php(306): Illuminate\Log\LogManager->Illuminate\Log\{closure}()
#7 /var/www/html/vendor/laravel/framework/src/Illuminate/Log/LogManager.php(140): tap()
#8 /var/www/html/vendor/laravel/framework/src/Illuminate/Log/LogManager.php(119): Illuminate\Log\LogManager->get()
#9 /var/www/html/vendor/laravel/framework/src/Illuminate/Log/LogManager.php(642): Illuminate\Log\LogManager->driver()
#10 /var/www/html/vendor/laravel/framework/src/Illuminate/Foundation/Exceptions/Handler.php(278): Illuminate\Log\LogManager->error()
#11 /var/www/html/vendor/laravel/framework/src/Illuminate/Foundation/Http/Kernel.php(481): Illuminate\Foundation\Exceptions\Handler->report()
#12 /var/www/html/vendor/laravel/framework/src/Illuminate/Foundation/Http/Kernel.php(136): Illuminate\Foundation\Http\Kernel->reportE
2022/10/28 09:49:17 [notice] 1#1: using the "epoll" event method
2022/10/28 09:49:17 [notice] 1#1: nginx/1.20.0
2022/10/28 09:49:17 [notice] 1#1: built by gcc 10.2.1 20201203 (Alpine 10.2.1_pre1) 
2022/10/28 09:49:17 [notice] 1#1: OS: Linux 5.15.0-52-generic
2022/10/28 09:49:17 [notice] 1#1: getrlimit(RLIMIT_NOFILE): 1048576:1048576
2022/10/28 09:49:17 [notice] 1#1: start worker processes
2022/10/28 09:49:17 [notice] 1#1: start worker process 32
2022/10/28 09:49:17 [notice] 1#1: start worker process 33
2022/10/28 09:49:17 [notice] 1#1: start worker process 34
2022/10/28 09:49:17 [notice] 1#1: start worker process 35
2022/10/28 09:49:17 [notice] 1#1: start worker process 36
2022/10/28 09:49:17 [notice] 1#1: start worker process 37
2022/10/28 09:49:17 [notice] 1#1: start worker process 38
2022/10/28 09:49:17 [notice] 1#1: start worker process 39
2022/10/28 09:49:22 [error] 33#33: *1 FastCGI sent in stderr: "PHP message: PHP Fatal error:  Uncaught UnexpectedValueException: The stream or file "/var/www/html/storage/logs/laravel.log" could not be opened in append mode: Failed to open stream: Permission denied
The exception occurred while attempting to log: Unable to create configured logger. Using emergency logger.
Context: {"exception":{}} in /var/www/html/vendor/monolog/monolog/src/Monolog/Handler/StreamHandler.php:146
Stack trace:
#0 /var/www/html/vendor/monolog/monolog/src/Monolog/Handler/AbstractProcessingHandler.php(48): Monolog\Handler\StreamHandler->write()
#1 /var/www/html/vendor/monolog/monolog/src/Monolog/Logger.php(379): Monolog\Handler\AbstractProcessingHandler->handle()
#2 /var/www/html/vendor/monolog/monolog/src/Monolog/Logger.php(665): Monolog\Logger->addRecord()
#3 /var/www/html/vendor/laravel/framework/src/Illuminate/Log/Logger.php(183): Monolog\Logger->emergency()
#4 /var/www/html/vendor/laravel/framework/src/Illuminate/Log/Logger.php(58): Illuminate\Log\Logger->writeLog()
#5 /var/www/html/vendor/laravel/framework/src/Illuminate/Log/LogManager.php(138): Illuminate\Log\Logger->emergency()
#6 /var/www/html/vendor/laravel/framework/src/Illuminate/Support/helpers.php(306): Illuminate\Log\LogManager->Illuminate\Log\{closure}()
#7 /var/www/html/vendor/laravel/framework/src/Illuminate/Log/LogManager.php(140): tap()
#8 /var/www/html/vendor/laravel/framework/src/Illuminate/Log/LogManager.php(119): Illuminate\Log\LogManager->get()
#9 /var/www/html/vendor/laravel/framework/src/Illuminate/Log/LogManager.php(642): Illuminate\Log\LogManager->driver()
#10 /var/www/html/vendor/laravel/framework/src/Illuminate/Foundation/Exceptions/Handler.php(278): Illuminate\Log\LogManager->error()
#11 /var/www/html/vendor/laravel/framework/src/Illuminate/Foundation/Http/Kernel.php(481): Illuminate\Foundation\Exceptions\Handler->report()
#12 /var/www/html/vendor/laravel/framework/src/Illuminate/Foundation/Http/Kernel.php(136): Illuminate\Foundation\Http\Kernel->reportE
2022/10/28 11:34:24 [error] 33#33: *12 FastCGI sent in stderr: "PHP message: PHP Fatal error:  Cannot use positional argument after named argument in /var/www/html/routes/api.php on line 7" while reading response header from upstream, client: 172.19.0.1, server: representante.karina.test, request: "GET /api HTTP/1.1", upstream: "fastcgi://172.19.0.4:9000", host: "localhost"
2022/10/28 12:56:14 [notice] 1#1: signal 3 (SIGQUIT) received, shutting down
2022/10/28 12:56:14 [notice] 33#33: gracefully shutting down
2022/10/28 12:56:14 [notice] 33#33: exiting
2022/10/28 12:56:14 [notice] 33#33: exit
2022/10/28 12:56:14 [notice] 32#32: gracefully shutting down
2022/10/28 12:56:14 [notice] 35#35: gracefully shutting down
2022/10/28 12:56:14 [notice] 38#38: gracefully shutting down
2022/10/28 12:56:14 [notice] 39#39: gracefully shutting down
2022/10/28 12:56:14 [notice] 39#39: exiting
2022/10/28 12:56:14 [notice] 39#39: exit
2022/10/28 12:56:14 [notice] 34#34: gracefully shutting down
2022/10/28 12:56:14 [notice] 37#37: gracefully shutting down
2022/10/28 12:56:14 [notice] 38#38: exiting
2022/10/28 12:56:14 [notice] 38#38: exit
2022/10/28 12:56:14 [notice] 32#32: exiting
2022/10/28 12:56:14 [notice] 32#32: exit
2022/10/28 12:56:14 [notice] 36#36: gracefully shutting down
2022/10/28 12:56:14 [notice] 37#37: exiting
2022/10/28 12:56:14 [notice] 37#37: exit
2022/10/28 12:56:14 [notice] 34#34: exiting
2022/10/28 12:56:14 [notice] 34#34: exit
2022/10/28 12:56:14 [notice] 35#35: exiting
2022/10/28 12:56:14 [notice] 35#35: exit
2022/10/28 12:56:14 [notice] 36#36: exiting
2022/10/28 12:56:14 [notice] 36#36: exit
2022/10/28 12:56:14 [notice] 1#1: signal 17 (SIGCHLD) received from 38
2022/10/28 12:56:14 [notice] 1#1: worker process 32 exited with code 0
2022/10/28 12:56:14 [notice] 1#1: worker process 33 exited with code 0
2022/10/28 12:56:14 [notice] 1#1: worker process 34 exited with code 0
2022/10/28 12:56:14 [notice] 1#1: worker process 38 exited with code 0
2022/10/28 12:56:14 [notice] 1#1: signal 29 (SIGIO) received
2022/10/28 12:56:14 [notice] 1#1: signal 17 (SIGCHLD) received from 32
2022/10/28 12:56:14 [notice] 1#1: signal 17 (SIGCHLD) received from 39
2022/10/28 12:56:14 [notice] 1#1: worker process 35 exited with code 0
2022/10/28 12:56:14 [notice] 1#1: worker process 36 exited with code 0
2022/10/28 12:56:14 [notice] 1#1: worker process 37 exited with code 0
2022/10/28 12:56:14 [notice] 1#1: worker process 39 exited with code 0
2022/10/28 12:56:15 [notice] 1#1: exit
2022/10/31 08:02:42 [notice] 1#1: using the "epoll" event method
2022/10/31 08:02:42 [notice] 1#1: nginx/1.20.0
2022/10/31 08:02:42 [notice] 1#1: built by gcc 10.2.1 20201203 (Alpine 10.2.1_pre1) 
2022/10/31 08:02:42 [notice] 1#1: OS: Linux 5.15.0-52-generic
2022/10/31 08:02:42 [notice] 1#1: getrlimit(RLIMIT_NOFILE): 1048576:1048576
2022/10/31 08:02:42 [notice] 1#1: start worker processes
2022/10/31 08:02:42 [notice] 1#1: start worker process 31
2022/10/31 08:02:42 [notice] 1#1: start worker process 32
2022/10/31 08:02:42 [notice] 1#1: start worker process 33
2022/10/31 08:02:42 [notice] 1#1: start worker process 34
2022/10/31 08:02:42 [notice] 1#1: start worker process 35
2022/10/31 08:02:42 [notice] 1#1: start worker process 36
2022/10/31 08:02:42 [notice] 1#1: start worker process 37
2022/10/31 08:02:42 [notice] 1#1: start worker process 38
2022/10/31 12:57:33 [notice] 1#1: signal 3 (SIGQUIT) received, shutting down
2022/10/31 12:57:33 [notice] 31#31: gracefully shutting down
2022/10/31 12:57:33 [notice] 31#31: exiting
2022/10/31 12:57:33 [notice] 37#37: gracefully shutting down
2022/10/31 12:57:33 [notice] 38#38: gracefully shutting down
2022/10/31 12:57:33 [notice] 36#36: gracefully shutting down
2022/10/31 12:57:33 [notice] 37#37: exiting
2022/10/31 12:57:33 [notice] 31#31: exit
2022/10/31 12:57:33 [notice] 32#32: gracefully shutting down
2022/10/31 12:57:33 [notice] 38#38: exiting
2022/10/31 12:57:33 [notice] 33#33: gracefully shutting down
2022/10/31 12:57:33 [notice] 34#34: gracefully shutting down
2022/10/31 12:57:33 [notice] 32#32: exiting
2022/10/31 12:57:33 [notice] 33#33: exiting
2022/10/31 12:57:33 [notice] 34#34: exiting
2022/10/31 12:57:33 [notice] 37#37: exit
2022/10/31 12:57:33 [notice] 38#38: exit
2022/10/31 12:57:33 [notice] 33#33: exit
2022/10/31 12:57:33 [notice] 32#32: exit
2022/10/31 12:57:33 [notice] 34#34: exit
2022/10/31 12:57:33 [notice] 36#36: exiting
2022/10/31 12:57:33 [notice] 36#36: exit
2022/10/31 12:57:33 [notice] 35#35: gracefully shutting down
2022/10/31 12:57:33 [notice] 35#35: exiting
2022/10/31 12:57:33 [notice] 35#35: exit
2022/10/31 12:57:33 [notice] 1#1: signal 17 (SIGCHLD) received from 33
2022/10/31 12:57:33 [notice] 1#1: worker process 33 exited with code 0
2022/10/31 12:57:33 [notice] 1#1: signal 29 (SIGIO) received
2022/10/31 12:57:33 [notice] 1#1: signal 17 (SIGCHLD) received from 34
2022/10/31 12:57:33 [notice] 1#1: worker process 32 exited with code 0
2022/10/31 12:57:33 [notice] 1#1: worker process 34 exited with code 0
2022/10/31 12:57:33 [notice] 1#1: worker process 35 exited with code 0
2022/10/31 12:57:33 [notice] 1#1: signal 29 (SIGIO) received
2022/10/31 12:57:33 [notice] 1#1: signal 17 (SIGCHLD) received from 32
2022/10/31 12:57:33 [notice] 1#1: signal 17 (SIGCHLD) received from 36
2022/10/31 12:57:33 [notice] 1#1: worker process 36 exited with code 0
2022/10/31 12:57:33 [notice] 1#1: worker process 37 exited with code 0
2022/10/31 12:57:33 [notice] 1#1: signal 29 (SIGIO) received
2022/10/31 12:57:33 [notice] 1#1: signal 17 (SIGCHLD) received from 31
2022/10/31 12:57:33 [notice] 1#1: worker process 31 exited with code 0
2022/10/31 12:57:33 [notice] 1#1: signal 29 (SIGIO) received
2022/10/31 12:57:33 [notice] 1#1: signal 17 (SIGCHLD) received from 38
2022/10/31 12:57:33 [notice] 1#1: worker process 38 exited with code 0
2022/10/31 12:57:33 [notice] 1#1: exit
2022/11/01 07:56:48 [notice] 1#1: using the "epoll" event method
2022/11/01 07:56:48 [notice] 1#1: nginx/1.20.0
2022/11/01 07:56:48 [notice] 1#1: built by gcc 10.2.1 20201203 (Alpine 10.2.1_pre1) 
2022/11/01 07:56:48 [notice] 1#1: OS: Linux 5.15.0-52-generic
2022/11/01 07:56:48 [notice] 1#1: getrlimit(RLIMIT_NOFILE): 1048576:1048576
2022/11/01 07:56:48 [notice] 1#1: start worker processes
2022/11/01 07:56:48 [notice] 1#1: start worker process 31
2022/11/01 07:56:48 [notice] 1#1: start worker process 32
2022/11/01 07:56:48 [notice] 1#1: start worker process 33
2022/11/01 07:56:48 [notice] 1#1: start worker process 34
2022/11/01 07:56:48 [notice] 1#1: start worker process 35
2022/11/01 07:56:48 [notice] 1#1: start worker process 36
2022/11/01 07:56:48 [notice] 1#1: start worker process 37
2022/11/01 07:56:48 [notice] 1#1: start worker process 38
